<?xml version="1.0" encoding="UTF-8"?>
<!-- Generated by org.testng.reporters.JUnitReportReporter -->
<testsuite name="com.clicklabs.test.TrivagoTest" tests="2" time="10.010" ignored="1" failures="0" timestamp="21 Jul 2017 09:52:05 GMT" skipped="0" hostname="EPINHYDW0743" errors="0">
  <testcase name="testMethod2" time="3.840" classname="com.clicklabs.test.TrivagoTest"/>
  <testcase name="testMethod1" time="6.170" classname="com.clicklabs.test.TrivagoTest"/>
  <testcase name="testMethod3" classname="com.clicklabs.test.TrivagoTest">
    <skipped/>
  </testcase> <!-- testMethod3 -->
</testsuite> <!-- com.clicklabs.test.TrivagoTest -->
