<?xml version="1.0" encoding="UTF-8"?>
<!-- Generated by org.testng.reporters.JUnitReportReporter -->
<testsuite skipped="0" hostname="EPINHYDW0064" name="com.epam.unittests.MulAndDivTest" tests="6" failures="0" timestamp="22 Aug 2017 06:50:05 GMT" time="0.036" errors="0">
  <testcase name="multiplicationTest" time="0.016" classname="com.epam.unittests.MulAndDivTest"/>
  <testcase name="divisionTest" time="0.016" classname="com.epam.unittests.MulAndDivTest"/>
  <testcase name="divisionTest" time="0.001" classname="com.epam.unittests.MulAndDivTest"/>
  <testcase name="divisionTest" time="0.001" classname="com.epam.unittests.MulAndDivTest"/>
  <testcase name="multiplicationTest" time="0.001" classname="com.epam.unittests.MulAndDivTest"/>
  <testcase name="multiplicationTest" time="0.001" classname="com.epam.unittests.MulAndDivTest"/>
</testsuite> <!-- com.epam.unittests.MulAndDivTest -->
