<?xml version="1.0" encoding="UTF-8"?>
<!-- Generated by org.testng.reporters.JUnitReportReporter -->
<testsuite hostname="EPINHYDW0743" name="com.epam.publicmailtests.GmailTest" tests="6" failures="0" timestamp="20 Apr 2017 11:33:42 GMT" time="22.662" errors="0">
  <testcase name="draftContentTest" time="0.646" classname="com.epam.publicmailtests.GmailTest"/>
  <testcase name="launchAppTest" time="4.307" classname="com.epam.publicmailtests.GmailTest"/>
  <testcase name="loginTest" time="7.395" classname="com.epam.publicmailtests.GmailTest"/>
  <testcase name="composeDraftTest" time="2.406" classname="com.epam.publicmailtests.GmailTest"/>
  <testcase name="sendMailTest" time="5.724" classname="com.epam.publicmailtests.GmailTest"/>
  <testcase name="logOutTest" time="2.184" classname="com.epam.publicmailtests.GmailTest"/>
</testsuite> <!-- com.epam.publicmailtests.GmailTest -->
