<?xml version="1.0" encoding="UTF-8"?>
<!-- Generated by org.testng.reporters.JUnitReportReporter -->
<testsuite skipped="0" hostname="EPINHYDW0064" name="com.rest.practice.RestApi" tests="1" failures="0" timestamp="11 Sep 2019 11:31:07 GMT" time="2.414" errors="0">
  <testcase name="getTest" time="2.414" classname="com.rest.practice.RestApi"/>
</testsuite> <!-- com.rest.practice.RestApi -->
