<?xml version="1.0" encoding="UTF-8"?>
<!-- Generated by org.testng.reporters.JUnitReportReporter -->
<testsuite skipped="0" hostname="EPINHYDW0064" name="com.rest.practice.PostApi" tests="1" failures="0" timestamp="16 Sep 2019 14:28:00 GMT" time="3.141" errors="0">
  <testcase name="postAndDeleteApiTest" time="3.141" classname="com.rest.practice.PostApi"/>
</testsuite> <!-- com.rest.practice.PostApi -->
