<?xml version="1.0" encoding="UTF-8"?>
<!-- Generated by org.testng.reporters.JUnitReportReporter -->
<testsuite name="com.epam.tests.GitHubAutomationTest" tests="3" time="66.839" ignored="0" failures="0" timestamp="10 Aug 2017 09:51:13 GMT" skipped="0" hostname="EPINHYDW0064" errors="0">
  <testcase name="logoutTest" time="18.442" classname="com.epam.tests.GitHubAutomationTest"/>
  <testcase name="editProfileTest" time="32.698" classname="com.epam.tests.GitHubAutomationTest"/>
  <testcase name="loginTest" time="15.699" classname="com.epam.tests.GitHubAutomationTest"/>
</testsuite> <!-- com.epam.tests.GitHubAutomationTest -->
