<?xml version="1.0" encoding="UTF-8" ?>
<testsuite tests="30" failures="0" name="TestSuite" time="96.462" errors="0" skipped="29">
  <properties>
    <property name="java.runtime.name" value="Java(TM) SE Runtime Environment"/>
    <property name="sun.boot.library.path" value="C:\Program Files\Java\jdk1.8.0_60\jre\bin"/>
    <property name="java.vm.version" value="25.60-b23"/>
    <property name="java.vm.vendor" value="Oracle Corporation"/>
    <property name="maven.multiModuleProjectDirectory" value="D:\selivecorporateactivity\trunks\Live Corporate Activity\Letsknow_Test"/>
    <property name="java.vendor.url" value="http://java.oracle.com/"/>
    <property name="path.separator" value=";"/>
    <property name="guice.disable.misplaced.annotation.check" value="true"/>
    <property name="java.vm.name" value="Java HotSpot(TM) 64-Bit Server VM"/>
    <property name="file.encoding.pkg" value="sun.io"/>
    <property name="user.script" value=""/>
    <property name="user.country" value="US"/>
    <property name="sun.java.launcher" value="SUN_STANDARD"/>
    <property name="sun.os.patch.level" value=""/>
    <property name="java.vm.specification.name" value="Java Virtual Machine Specification"/>
    <property name="user.dir" value="D:\selivecorporateactivity\trunks\Live Corporate Activity\Letsknow_Test"/>
    <property name="java.runtime.version" value="1.8.0_60-b27"/>
    <property name="java.awt.graphicsenv" value="sun.awt.Win32GraphicsEnvironment"/>
    <property name="java.endorsed.dirs" value="C:\Program Files\Java\jdk1.8.0_60\jre\lib\endorsed"/>
    <property name="os.arch" value="amd64"/>
    <property name="java.io.tmpdir" value="C:\Users\SHUBHA~1\AppData\Local\Temp\"/>
    <property name="line.separator" value="
"/>
    <property name="java.vm.specification.vendor" value="Oracle Corporation"/>
    <property name="user.variant" value=""/>
    <property name="os.name" value="Windows 10"/>
    <property name="classworlds.conf" value="D:\new\.metadata\.plugins\org.eclipse.m2e.launching\launches\m2conf2078163960500989922.tmp"/>
    <property name="sun.jnu.encoding" value="Cp1252"/>
    <property name="java.library.path" value="C:\Program Files\Java\jdk1.8.0_60\bin;C:\WINDOWS\Sun\Java\bin;C:\WINDOWS\system32;C:\WINDOWS;C:/Program Files/Java/jre1.8.0_60/bin/server;C:/Program Files/Java/jre1.8.0_60/bin;C:/Program Files/Java/jre1.8.0_60/lib/amd64;C:\ProgramData\Oracle\Java\javapath;C:\WINDOWS\system32;C:\WINDOWS;C:\WINDOWS\System32\Wbem;C:\WINDOWS\System32\WindowsPowerShell\v1.0\;C:\Program Files\TortoiseSVN\bin;C:\Program Files\MySQL\MySQL Utilities 1.6\;C:\Program Files (x86)\Brackets\command;%Path;D:\apache maven 3.3.9\apache-maven-3.3.9\bin;;D:\new training\eclipse;;."/>
    <property name="java.specification.name" value="Java Platform API Specification"/>
    <property name="java.class.version" value="52.0"/>
    <property name="sun.management.compiler" value="HotSpot 64-Bit Tiered Compilers"/>
    <property name="os.version" value="10.0"/>
    <property name="user.home" value="C:\Users\Shubham_Sharma"/>
    <property name="user.timezone" value="Asia/Calcutta"/>
    <property name="java.awt.printerjob" value="sun.awt.windows.WPrinterJob"/>
    <property name="java.specification.version" value="1.8"/>
    <property name="file.encoding" value="Cp1252"/>
    <property name="user.name" value="Shubham_Sharma"/>
    <property name="java.class.path" value="/D:/new training/eclipse/plugins/org.eclipse.m2e.maven.runtime_1.7.0.20160603-1931/jars/plexus-classworlds-2.5.2.jar"/>
    <property name="java.vm.specification.version" value="1.8"/>
    <property name="sun.arch.data.model" value="64"/>
    <property name="java.home" value="C:\Program Files\Java\jdk1.8.0_60\jre"/>
    <property name="sun.java.command" value="org.codehaus.plexus.classworlds.launcher.Launcher -B -gs D:\apache maven 3.3.9\apache-maven-3.3.9\conf\settings.xml clean install"/>
    <property name="java.specification.vendor" value="Oracle Corporation"/>
    <property name="user.language" value="en"/>
    <property name="awt.toolkit" value="sun.awt.windows.WToolkit"/>
    <property name="java.vm.info" value="mixed mode"/>
    <property name="java.version" value="1.8.0_60"/>
    <property name="java.ext.dirs" value="C:\Program Files\Java\jdk1.8.0_60\jre\lib\ext;C:\WINDOWS\Sun\Java\lib\ext"/>
    <property name="sun.boot.class.path" value="C:\Program Files\Java\jdk1.8.0_60\jre\lib\resources.jar;C:\Program Files\Java\jdk1.8.0_60\jre\lib\rt.jar;C:\Program Files\Java\jdk1.8.0_60\jre\lib\sunrsasign.jar;C:\Program Files\Java\jdk1.8.0_60\jre\lib\jsse.jar;C:\Program Files\Java\jdk1.8.0_60\jre\lib\jce.jar;C:\Program Files\Java\jdk1.8.0_60\jre\lib\charsets.jar;C:\Program Files\Java\jdk1.8.0_60\jre\lib\jfr.jar;C:\Program Files\Java\jdk1.8.0_60\jre\classes"/>
    <property name="java.vendor" value="Oracle Corporation"/>
    <property name="maven.home" value="D:\selivecorporateactivity\trunks\Live Corporate Activity\Letsknow_Test\EMBEDDED"/>
    <property name="file.separator" value="\"/>
    <property name="java.vendor.url.bug" value="http://bugreport.sun.com/bugreport/"/>
    <property name="sun.cpu.endian" value="little"/>
    <property name="sun.io.unicode.encoding" value="UnicodeLittle"/>
    <property name="sun.desktop" value="windows"/>
    <property name="sun.cpu.isalist" value="amd64"/>
  </properties>
  <testcase classname="functional.AdminLiveTest" name="selectAndDeleteSportGrid" time="9.262">
    <skipped/>
    <system-out>Configuring TestNG with: org.apache.maven.surefire.testng.conf.TestNG652Configurator@5c0369c4
</system-out>
    <system-err>Starting ChromeDriver 2.25.426923 (0390b88869384d6eb0d5d09729679f934aab9eed) on port 41356
Only local connections are allowed.
Nov 29, 2016 12:09:24 PM org.openqa.selenium.remote.ProtocolHandshake createSession
INFO: Attempting bi-dialect session, assuming Postel&apos;s Law holds true on the remote end
log4j:WARN No appenders could be found for logger (org.apache.http.client.protocol.RequestAddCookies).
log4j:WARN Please initialize the log4j system properly.
log4j:WARN See http://logging.apache.org/log4j/1.2/faq.html#noconfig for more info.
Nov 29, 2016 12:09:26 PM org.openqa.selenium.remote.ProtocolHandshake createSession
INFO: Detected dialect: OSS
Starting ChromeDriver 2.25.426923 (0390b88869384d6eb0d5d09729679f934aab9eed) on port 43686
Only local connections are allowed.
Nov 29, 2016 12:09:29 PM org.openqa.selenium.remote.ProtocolHandshake createSession
INFO: Attempting bi-dialect session, assuming Postel&apos;s Law holds true on the remote end
Nov 29, 2016 12:09:30 PM org.openqa.selenium.remote.ProtocolHandshake createSession
INFO: Detected dialect: OSS
</system-err>
  </testcase>
  <testcase classname="functional.AdminLiveTest" name="verifyAddNewLivePopUp" time="9.264">
    <skipped/>
  </testcase>
  <testcase classname="functional.AdminLiveTest" name="verifyLiveLink" time="9.264">
    <skipped/>
  </testcase>
  <testcase classname="functional.AdminNotificationGridTest" name="selectAndDeleteNotificationGridTest" time="9.265">
    <skipped/>
  </testcase>
  <testcase classname="functional.AdminNotificationGridTest" name="verifyAddAndCloseNotificationPopUp" time="9.265">
    <skipped/>
  </testcase>
  <testcase classname="functional.AdminNotificationGridTest" name="verifyAddNewDepartmentPopUp" time="9.265">
    <skipped/>
  </testcase>
  <testcase classname="functional.AdminNotificationGridTest" name="verifyAddNewNotificationPopUpFunctionalityForGeneral" time="9.265">
    <skipped/>
  </testcase>
  <testcase classname="functional.AdminNotificationGridTest" name="verifyAddNewNotificationPopUpFunctionalityForMandatory" time="9.265">
    <skipped/>
  </testcase>
  <testcase classname="functional.AdminNotificationGridTest" name="verifyAdminNotification" time="1.01"/>
  <testcase classname="functional.AdminNotificationGridTest" name="verifyAdminNotificationLink" time="1.011">
    <skipped/>
  </testcase>
  <testcase classname="functional.EmpGeneralTest" name="liveLink" time="1.012">
    <skipped/>
  </testcase>
  <testcase classname="functional.EmployeeEventTest" name="clickEvent" time="1.013">
    <skipped/>
  </testcase>
  <testcase classname="functional.EmployeeEventTest" name="verifyEventLink" time="1.013">
    <skipped/>
  </testcase>
  <testcase classname="functional.EmployeeLandingPageTest" name="verifyEmployeeLandingPage" time="1.013">
    <skipped/>
  </testcase>
  <testcase classname="functional.EmployeeLandingPageTest" name="verifyMenuBarLinks" time="1.014">
    <skipped/>
  </testcase>
  <testcase classname="functional.EventTest" name="EventLink" time="1.014">
    <skipped/>
  </testcase>
  <testcase classname="functional.EventTest" name="Sort" time="1.015">
    <skipped/>
  </testcase>
  <testcase classname="functional.EventTest" name="addNewPopUp" time="1.015">
    <skipped/>
  </testcase>
  <testcase classname="functional.EventTest" name="addingDescriptionPopUp" time="1.016">
    <skipped/>
  </testcase>
  <testcase classname="functional.EventTest" name="selectAndDeleteGrid" time="1.016">
    <skipped/>
  </testcase>
  <testcase classname="functional.EventTest" name="selectEventGrid" time="1.016">
    <skipped/>
  </testcase>
  <testcase classname="functional.LoginTest" name="loginWithInvalidCredentials" time="1.017">
    <skipped/>
  </testcase>
  <testcase classname="functional.LoginTest" name="loginWithValidCredentials" time="1.017">
    <skipped/>
  </testcase>
  <testcase classname="functional.LoginTest" name="logoutTestSuccessfull" time="1.018">
    <skipped/>
  </testcase>
  <testcase classname="functional.LoginTest" name="resetBtnTest" time="1.018">
    <skipped/>
  </testcase>
  <testcase classname="functional.LoginTest" name="submitBtnTest" time="1.019">
    <skipped/>
  </testcase>
  <testcase classname="functional.UserGeneralTest" name="GeneralLink" time="1.019">
    <skipped/>
  </testcase>
  <testcase classname="functional.UserGeneralTest" name="GeneralNotice" time="1.02">
    <skipped/>
  </testcase>
  <testcase classname="functional.UserGeneralTest" name="GeneralRadio" time="1.02">
    <skipped/>
  </testcase>
  <testcase classname="functional.UserMandatoryTest" name="mandatoryLink" time="1.021">
    <skipped/>
  </testcase>
</testsuite>