<?xml version="1.0" encoding="UTF-8"?>
<!-- Generated by org.testng.reporters.JUnitReportReporter -->
<testsuite name="com.epam.test.GitHubTest" tests="1" time="8.617" ignored="0" failures="0" timestamp="19 Jul 2017 08:26:34 GMT" skipped="0" hostname="EPINHYDW0743" errors="0">
  <testcase name="loginTest" time="8.617" classname="com.epam.test.GitHubTest"/>
</testsuite> <!-- com.epam.test.GitHubTest -->
