<?xml version="1.0" encoding="UTF-8"?>
<!-- Generated by org.testng.reporters.JUnitReportReporter -->
<testsuite name="com.wikipedia.tests.WikiPediaTest" tests="1" time="11.617" ignored="2" failures="0" timestamp="18 Oct 2017 09:47:46 GMT" skipped="0" hostname="EPINHYDW0064" errors="0">
  <testcase name="clickOOPlink" time="11.617" classname="com.wikipedia.tests.WikiPediaTest"/>
  <testcase name="enterOOPinSearchBar" classname="com.wikipedia.tests.WikiPediaTest">
    <skipped/>
  </testcase> <!-- enterOOPinSearchBar -->
  <testcase name="selectSoftwareEnggBooch" classname="com.wikipedia.tests.WikiPediaTest">
    <skipped/>
  </testcase> <!-- selectSoftwareEnggBooch -->
</testsuite> <!-- com.wikipedia.tests.WikiPediaTest -->
