<?xml version="1.0" encoding="UTF-8"?>
<!-- Generated by org.testng.reporters.JUnitReportReporter -->
<testsuite name="tests.GitHubAutomationTest" tests="3" time="50.276" ignored="0" failures="0" timestamp="28 Apr 2017 09:04:51 GMT" skipped="0" hostname="EPINHYDW0743" errors="0">
  <testcase name="editProfileTest" time="17.193" classname="tests.GitHubAutomationTest"/>
  <testcase name="logoutTest" time="17.901" classname="tests.GitHubAutomationTest"/>
  <testcase name="loginTest" time="15.182" classname="tests.GitHubAutomationTest"/>
</testsuite> <!-- tests.GitHubAutomationTest -->
