<?xml version="1.0" encoding="UTF-8"?>
<!-- Generated by org.testng.reporters.JUnitReportReporter -->
<testsuite name="com.epam.tests.GitHubAutomationTest" tests="3" time="52.565" ignored="0" failures="0" timestamp="11 May 2017 09:43:19 GMT" skipped="0" hostname="EPINHYDW0743" errors="0">
  <testcase name="editProfileTest" time="18.259" classname="com.epam.tests.GitHubAutomationTest"/>
  <testcase name="logoutTest" time="17.659" classname="com.epam.tests.GitHubAutomationTest"/>
  <testcase name="loginTest" time="16.647" classname="com.epam.tests.GitHubAutomationTest"/>
</testsuite> <!-- com.epam.tests.GitHubAutomationTest -->
